Start testing: Aug 03 15:42 WAT
----------------------------------------------------------
1/3 Testing: SmokeTest.BasicAssertionsWork
1/3 Test: SmokeTest.BasicAssertionsWork
Command: "/home/frannam/CAN_TCP_Socket_Demo/tests/build/run_tests" "--gtest_filter=SmokeTest.BasicAssertionsWork" "--gtest_also_run_disabled_tests"
Directory: /home/frannam/CAN_TCP_Socket_Demo/tests/build
"SmokeTest.BasicAssertionsWork" start time: Aug 03 15:42 WAT
Output:
----------------------------------------------------------
Running main() from /home/frannam/CAN_TCP_Socket_Demo/tests/build/_deps/googletest-src/googletest/src/gtest_main.cc
Note: Google Test filter = SmokeTest.BasicAssertionsWork
[==========] Running 1 test from 1 test suite.
[----------] Global test environment set-up.
[----------] 1 test from SmokeTest
[ RUN      ] SmokeTest.BasicAssertionsWork
[       OK ] SmokeTest.BasicAssertionsWork (0 ms)
[----------] 1 test from SmokeTest (0 ms total)

[----------] Global test environment tear-down
[==========] 1 test from 1 test suite ran. (0 ms total)
[  PASSED  ] 1 test.
<end of output>
Test time =   0.00 sec
----------------------------------------------------------
Test Passed.
"SmokeTest.BasicAssertionsWork" end time: Aug 03 15:42 WAT
"SmokeTest.BasicAssertionsWork" time elapsed: 00:00:00
----------------------------------------------------------

2/3 Testing: UDSErrToStr.ReturnsCorrectStringForKnownError
2/3 Test: UDSErrToStr.ReturnsCorrectStringForKnownError
Command: "/home/frannam/CAN_TCP_Socket_Demo/tests/build/run_tests" "--gtest_filter=UDSErrToStr.ReturnsCorrectStringForKnownError" "--gtest_also_run_disabled_tests"
Directory: /home/frannam/CAN_TCP_Socket_Demo/tests/build
"UDSErrToStr.ReturnsCorrectStringForKnownError" start time: Aug 03 15:42 WAT
Output:
----------------------------------------------------------
Running main() from /home/frannam/CAN_TCP_Socket_Demo/tests/build/_deps/googletest-src/googletest/src/gtest_main.cc
Note: Google Test filter = UDSErrToStr.ReturnsCorrectStringForKnownError
[==========] Running 1 test from 1 test suite.
[----------] Global test environment set-up.
[----------] 1 test from UDSErrToStr
[ RUN      ] UDSErrToStr.ReturnsCorrectStringForKnownError
[       OK ] UDSErrToStr.ReturnsCorrectStringForKnownError (0 ms)
[----------] 1 test from UDSErrToStr (0 ms total)

[----------] Global test environment tear-down
[==========] 1 test from 1 test suite ran. (0 ms total)
[  PASSED  ] 1 test.
<end of output>
Test time =   0.00 sec
----------------------------------------------------------
Test Passed.
"UDSErrToStr.ReturnsCorrectStringForKnownError" end time: Aug 03 15:42 WAT
"UDSErrToStr.ReturnsCorrectStringForKnownError" time elapsed: 00:00:00
----------------------------------------------------------

3/3 Testing: UDSErrToStr.ReturnsUnknownForInvalidValue
3/3 Test: UDSErrToStr.ReturnsUnknownForInvalidValue
Command: "/home/frannam/CAN_TCP_Socket_Demo/tests/build/run_tests" "--gtest_filter=UDSErrToStr.ReturnsUnknownForInvalidValue" "--gtest_also_run_disabled_tests"
Directory: /home/frannam/CAN_TCP_Socket_Demo/tests/build
"UDSErrToStr.ReturnsUnknownForInvalidValue" start time: Aug 03 15:42 WAT
Output:
----------------------------------------------------------
Running main() from /home/frannam/CAN_TCP_Socket_Demo/tests/build/_deps/googletest-src/googletest/src/gtest_main.cc
Note: Google Test filter = UDSErrToStr.ReturnsUnknownForInvalidValue
[==========] Running 1 test from 1 test suite.
[----------] Global test environment set-up.
[----------] 1 test from UDSErrToStr
[ RUN      ] UDSErrToStr.ReturnsUnknownForInvalidValue
[       OK ] UDSErrToStr.ReturnsUnknownForInvalidValue (0 ms)
[----------] 1 test from UDSErrToStr (0 ms total)

[----------] Global test environment tear-down
[==========] 1 test from 1 test suite ran. (0 ms total)
[  PASSED  ] 1 test.
<end of output>
Test time =   0.04 sec
----------------------------------------------------------
Test Passed.
"UDSErrToStr.ReturnsUnknownForInvalidValue" end time: Aug 03 15:42 WAT
"UDSErrToStr.ReturnsUnknownForInvalidValue" time elapsed: 00:00:00
----------------------------------------------------------

End testing: Aug 03 15:42 WAT
